-0.2617993877991494
-0.259626054689999
-0.2553643402462545
-0.2491357302390361
-0.24109777735689433
-0.23144015409409333
-0.22037770736540482
-0.20814158191609314
-0.19496974406868894
-0.18109813099045236
-0.16675328090551556
-0.15214684494496436
-0.1374719915722056
-0.12290146188307612
-0.10858691983960038
-0.09465922914815728
-0.08122933414543544
-0.06838949080019677
-0.0562146640307533
-0.044763968252049424
-0.034082075831889797
-0.024200553197754195
-0.015139108544298079
-0.006906750687294407
0.0004971323301266204
0.007081762013255479
0.012864011857608723
0.017867491192867662
0.02212166102945771
0.02566097606319074
0.028524050659053602
0.03075284996489769
0.03239190998512158
0.03348759229037316
0.03408737999219042
0.03423922171796518
0.033990929708995234
0.03338963701041425
0.032481317224001056
0.03131036864408055
0.02991926295736627
0.02834825718611944
0.026635166274944114
0.024815192709645825
0.02292080882299873
0.02098168697276257
0.019024672540822858
0.017073794658784325
0.015150309671816577
0.013272772567877397
0.011457131887151337
0.009716843956378207
0.008063002641116451
0.006504481158673052
0.0050480828338313535
0.003698698001635749
0.0024594645629173128
0.0013319299780819422
0.00031621274370259665
-0.0005888383636433004
-0.0013854887690076438
-0.002076967591072997
-0.0026673232348670443
-0.003161285992911851
-0.0035641383909390733
-0.003881593853269352
-0.00411968411234809
-0.004284655646869438
-0.004382875303672686
-0.004420745140481065
-0.004404626419866057
-0.004340772589765856
-0.004235271002539636
-0.004093993052821197
-0.003922552354109001
-0.003726270524704617
-0.003510150114763043
-0.0032788541772087146
-0.003036691965376268
-0.002787610228671716
-0.0025351895734993363
-0.002282645359332044
-0.0020328326082951678
-0.0017882544201846186
-0.0015510734026839533
-0.001323125647956836
-0.0011059368110960515
-0.0009007398724828071
-0.0007084941943783188
-0.000529905511513534
-0.0003654465255934059
-0.00021537780406981086
-7.976871388967093e-05
4.148184913532811e-05
0.00014862514544874804
0.00024204287317048948
0.00032222820047961016
0.00038976767778955285
0.00044532413417546775
0.0004896206397085187
0.0005234255941919379
0.0005475389833300974
0.0005627798256226573
0.0005699748172666006
0.0005699481680555431
0.0005635126086564873
0.0005514615386722266
0.0005345622755028004
0.0005135503561306132
0.0004891248374908766
0.00046194453596458797
0.00043262514265263977
0.00040173714836050714
0.0003698045105447146
0.0003373039937455997
0.00030466511515683445
0.00027227062786331035
0.00024045747582037758
0.0002095181567573286
0.00017970243177865315
0.00015121932342465773
0.00012423934726015078
9.889692561290651e-05
7.529293581486757e-05
5.3497349146489125e-05
3.3551920591903176e-05
1.547289342900724e-05
-7.463134409250155e-07
-1.5132463714553112e-05
-2.7729932054010322e-05
-3.859822363988761e-05
-4.780960255616043e-05
-5.544684344400972e-05
-6.160111785059958e-05
-6.63700238981634e-05
-6.985576531607736e-05
-7.216348351849034e-05
-7.33997442740445e-05
-7.367117860108446e-05
-7.308327582796196e-05
-7.173932527797876e-05
-6.973950176477985e-05
-6.718008900773093e-05
-6.415283418788422e-05
-6.074442615247954e-05
-5.7036089227730755e-05
-5.310328420357658e-05
-4.9015507797472044e-05
-4.483618177435797e-05
-4.0622622883884023e-05
-3.642608486114454e-05
-3.22918639112674e-05
-2.8259459349214934e-05
-2.4362781382632387e-05
-2.063039839658976e-05
-1.7085816514297232e-05
-1.3747784657686664e-05
-1.0630618807191101e-05
-7.744539652889125e-06
-5.09601833190976e-06
-2.6881254528478924e-06
-5.208791108771473e-07
1.408411908062835e-06
3.1048130538222116e-06
4.575439924207043e-06
5.829147572862281e-06
6.876235201139508e-06
7.72816782546742e-06
8.397316141722983e-06
8.896715465966441e-06
9.239844317366023e-06
9.44042292450815e-06
9.512231680516365e-06
9.468949345118036e-06
9.324010592354026e-06
9.090482330134874e-06
8.780958071215809e-06
8.407469513132577e-06
7.981414385815748e-06
7.51349954848405e-06
7.013698260432791e-06
6.491220511857813e-06
5.9544952792392155e-06
5.411163563398778e-06
4.868081075502153e-06
4.331329455394491e-06
3.8062349361757015e-06
3.2973934073369072e-06
2.808700874659668e-06
2.343388367068276e-06
1.90406039745082e-06
1.4927361449432832e-06
1.1108925892113887e-06
7.595088918697737e-07
4.3911138544457606e-07
1.4981859540497094e-07
-1.0861421495445208e-07
-3.367514242311179e-07
-5.354347439423999e-07
-7.057425493175629e-07
-8.489511229088526e-07
-9.664980318389539e-07
-1.0599478106566913e-06
-1.1309600764879173e-06
-1.1812601615529338e-06
-1.2126123102308896e-06
-1.2267954536926444e-06
-1.2255815446610297e-06
-1.2107164080181188e-06
-1.1839030396573877e-06
-1.1467872660411293e-06
-1.100945660213759e-06
-1.0478755963645756e-06
-9.889873142393303e-07
-9.255978565679857e-07
-8.589267369982787e-07
-7.900931925889334e-07
-7.201148735090139e-07
-6.49907822998609e-07
-5.802876026618903e-07
-5.119714215831061e-07
-4.4558113238287496e-07
-3.81646962978362e-07
-3.2061185929834933e-07
-2.6283632136523053e-07
-2.086036228342273e-07
-1.5812531213107516e-07
-1.1154690162055108e-07
-6.895365964922768e-08
-3.037642872862221e-08
4.202598536614244e-09
3.48442060009767e-08
6.164663530808925e-08
8.474026667093731e-08
1.042825365054184e-07
1.2045312244783568e-07
1.334494198441939e-07
1.434823278102155e-07
1.5077235744219545e-07
1.5554606971935347e-07
1.580328460809889e-07
1.5846199058352946e-07
1.5706015893546972e-07
1.5404910655979282e-07
1.4964374512758197e-07
1.440504947238096e-07
1.374659169248188e-07
1.3007561256281028e-07
1.220533668001961e-07
1.1356052330937382e-07
1.047455688240386e-07
9.574390906903315e-08
8.667781705943919e-08
7.765653495900585e-08
6.877651107658245e-08
6.012175413132013e-08
5.176428760842247e-08
4.376468783375604e-08
3.617269029560983e-08
2.9027849714679452e-08
2.2360240389813595e-08
1.619118440960974e-08
1.0533996402570704e-08
5.394734586794636e-09
7.729489611919307e-10
-3.3375814573438836e-09
-6.9481294123993045e-09
-1.0074324266621503e-08
-1.2735486051744214e-08
-1.4953992917958504e-08
-1.675468534139665e-08
-1.8164309657107298e-08
-1.9211002753658043e-08
-1.9923819095868177e-08
-2.0332300634751154e-08
-2.0466089618368847e-08
-2.03545838331229e-08
-2.0026633380594492e-08
-1.951027772844384e-08
-1.8832521462715144e-08
-1.801914691042538e-08
-1.709456159252593e-08
-1.6081678304974254e-08
-1.500182550634118e-08
-1.3874685610607987e-08
-1.2718258740025438e-08
-1.154884948155814e-08
-1.0381074208000884e-08
-9.227886567878809e-09
-8.10061881338183e-09
-7.009036719615217e-09
-5.9614059483016765e-09
-4.964567821842515e-09
-4.024022596614281e-09
-3.1440184550123125e-09
-2.327644571721677e-09
-1.5769267488693695e-09
-8.929242551631659e-10
-2.7582664412832463e-10
2.7495053541154073e-10
7.606720887297914e-10
1.1831924063015288e-09
1.5448682735755533e-09
1.8484758377035252e-09
2.097132197692936e-09
2.2942219799594922e-09
2.4433291644465165e-09
2.548174337578727e-09
2.6125574674358034e-09
2.640306223675306e-09
2.6352297998215173e-09
2.6010781384032877e-09
2.541506409837572e-09
2.460044553624827e-09
2.3600716550077363e-09
2.244794901366231e-09
2.117232839869025e-09
1.9802026408417283e-09
1.836311059495533e-09
1.6879487816314598e-09
1.537287836233741e-09
1.3862817590356361e-09
1.236668195733167e-09
1.0899736411002275e-09
9.475200204011162e-10
8.104328318011423e-10
6.796505825609027e-10
5.559352673063799e-10
4.3988365326079407e-10
3.3193915469615273e-10
2.324040967297018e-10
1.4145218669626746e-10
5.914102944126148e-11
-1.4575459203770527e-11
-7.983486896019401e-11
-1.368544528432177e-10
-1.85919720944915e-10
-2.2737354952454106e-10
-2.6160586995680814e-10
-2.8904398830343106e-10
-3.101435734676453e-10
-3.253803400993744e-10
-3.3524244165891603e-10
-3.4022357932434643e-10
-3.4081682373501703e-10
-3.3750913888246824e-10
-3.307765907634034e-10
-3.210802176616451e-10
-3.0886253408514106e-10
-2.9454463640253593e-10
-2.7852387504969534e-10
-2.611720557547402e-10
-2.428341305032267e-10
-2.238273378743472e-10
-2.0444075186513023e-10
-1.8493519832346744e-10
-1.655434985741027e-10
-1.4647100068758287e-10
-1.278963600555612e-10
-1.0997253244401689e-10
-9.282794444877613e-11
-7.656780822795123e-11
-6.127554948940467e-11
-4.7014319927188803e-11
-3.382856759154134e-11
-2.1745641008249385e-11
-1.0777405204234968e-11
-9.21850119624529e-13
7.835325831813011e-12
1.5519172073105934e-11
2.216399492643096e-11
2.7811930265834573e-11
3.251158866406464e-11
3.63167801200231e-11
3.928532376083597e-11
4.147794634974799e-11
4.295727200097274e-11
4.378690420642376e-11
4.403060011643928e-11
4.3751535985268106e-11
4.301166178901943e-11
4.1871142244722257e-11
4.038788079890539e-11
3.861712260675523e-11
3.661113208189598e-11
3.4418940255162056e-11
3.208615693106513e-11
2.965484246545462e-11
2.7163433899488933e-11
2.4646720165825133e-11
2.213586112533298e-11
1.9658445289236197e-11
1.7238581225196395e-11
1.4897017829577612e-11
1.2651288865383193e-11
1.0515877409925086e-11
8.502396122344358e-12
6.619779523240089e-12
4.874484771898599e-12
3.2706977263991672e-12
1.8105413740964309e-12
4.942840209691673e-13
-6.794550751671822e-13
-1.7135046533925617e-12
-2.6119467267169197e-12
-3.379929666116722e-12
-4.023490316090234e-12
-4.54938612688571e-12
-4.964938065039231e-12
-5.2778848569187896e-12
-5.496248930071561e-12
-5.628214244531342e-12
-5.682016050863419e-12
-5.665842473410924e-12
-5.587747695595962e-12
-5.455576418709728e-12
-5.276899175762712e-12
-5.058958006919904e-12
-4.808621941994063e-12
-4.532351687524946e-12
-4.236172880198949e-12
-3.9256572437948886e-12
-3.6059109724935923e-12
-3.2815696582731393e-12
-2.9567990832469143e-12
-2.6353012082246118e-12
-2.3203247055497913e-12
-2.014679406488453e-12
-1.72075406024852e-12
-1.4405368322827837e-12
-1.1756380031000115e-12
-9.27314364665426e-13
-6.964948489522455e-13
-4.838069617060848e-13
-2.896036334559238e-13
-1.1399013875752676e-13
4.314922684832279e-14
1.8212498502147064e-13
3.034170643186478e-13
4.076503427213078e-13
4.955713109480538e-13
5.680259930011252e-13
6.259392309019636e-13
6.702954131913105e-13
7.021207015747036e-13
7.224667871222496e-13
7.323961866905714e-13
7.32969071707188e-13
7.252316051027294e-13
7.102057479338667e-13
6.88880485032245e-13
6.622044087504431e-13
6.310795914519014e-13
5.963566706956117e-13
5.58831065979079e-13
5.192402423008916e-13
4.782619335606153e-13
4.3651323780106307e-13
3.945504963891985e-13
3.5286987030179024e-13
3.1190852860832025e-13
2.7204636690852204e-13
2.3360817677223023e-13
1.9686619103758366e-13
1.6204293404891203e-13
1.293143104634157e-13
9.881287103857427e-14
7.063119874984355e-14
4.4825363607659295e-14
2.1418399578384602e-14
4.0376200714648787e-16
-1.8251271159907737e-14
-3.4602286295119407e-14
-4.8724536506799666e-14
-6.07098825339644e-14
-7.066389095456602e-14
-7.870310465461107e-14
-8.495249688603669e-14
-8.954311690145901e-14
-9.26099321000049e-14
-9.428986885258932e-14
-9.472005169591638e-14
-9.403623838779008e-14
-9.237144639496534e-14
-8.985476472939004e-14
-8.66103436479863e-14
-8.275655357220065e-14
-7.840530365225363e-14
-7.366150968221279e-14
-6.862270054987665e-14
-6.337875206374222e-14
-5.801173682158081e-14
-5.2595878754919775e-14
-4.719760108476526e-14
-4.187565664029952e-14
-3.66813298086328e-14
-3.1658699785181477e-14
-2.684495526678513e-14
-2.2270751259957042e-14
-1.7960599252222594e-14
-1.393328260377077e-14
-1.0202289648977355e-14
-6.776257643047203e-15
-3.659421339299912e-15
-8.520606296570677e-16
1.6490576822345988e-15
3.850248285113314e-15
5.760489651960648e-15
7.391023356453101e-15
8.754973006430056e-15
9.866984874462264e-15
1.074289182750315e-14
1.1399401715267525e-14
1.1853810971361648e-14
1.2123743812717363e-14
1.222691709152749e-14
1.2180930559191794e-14
1.2003082042952955e-14
1.1710206811807767e-14
1.1318540217533573e-14
1.0843602537667973e-14
1.030010481823849e-14
9.70187441303964e-15
9.061798841278964e-15
8.391786534376975e-15
7.70274301348972e-15
7.004561029800522e-15
6.306123207691102e-15
5.615315754482468e-15
4.9390518375218764e-15
4.283303278047231e-15
3.653139269635452e-15
3.0527708953865986e-15
2.485600290667642e-15
1.9542733757095574e-15
1.4607351632075248e-15
1.0062867290258862e-15
5.916430179881408e-16
2.16990740489775e-16
-1.1795430162053456e-16
-4.138910406002033e-16
-6.71878622237907e-16
-8.932839664411925e-16
-1.0797317647991451e-15
-1.2330572034878377e-15
-1.3552616367848141e-15
-1.4484713779220516e-15
-1.5148997201797268e-15
-1.5568122520813917e-15
-1.5764954863082034e-15
-1.5762287824635317e-15
-1.5582595089986707e-15
-1.5247813593223717e-15
-1.4779157111922796e-15
-1.4196958967259097e-15
-1.35205423254884e-15
-1.2768116454755161e-15
-1.1956697184363416e-15
-1.1102049738566653e-15
-1.021865207086315e-15
-9.319676804979084e-16
-8.416989892450958e-16
-7.521164121292175e-16
-6.641505653024217e-16
-5.786091823839882e-16
-4.961818517420587e-16
-4.17445549965248e-16
-3.4287081970121946e-16
-2.7282844987025543e-16
-2.0759652658423444e-16
-1.473677337438182e-16
-9.225679309333081e-17
-4.230794434372329e-17
2.4976232954202778e-18
4.223446631308671e-17
7.702577674524345e-17
1.0703652476539857e-16
1.324669027296755e-16
1.5354611051726242e-16
1.7052651368542663e-16
1.836781982182113e-16
1.9328393851110283e-16
1.9963458871279415e-16
2.0302490164377626e-16
2.037497742265304e-16
2.0210091368367625e-16
1.9836391467295182e-16
1.9281573401086319e-16
1.857225466656373e-16
1.773379642467609e-16
1.6790159525223205e-16
1.5763792482300009e-16
1.4675549066279797e-16
1.3544633107566212e-16
1.2388568071747783e-16
1.1223188961651766e-16
1.0062654125622969e-16
8.919474599734152e-17
7.804558681260818e-17
6.72726951845155e-17
5.695493604375746e-17
4.715718177584242e-17
3.7931156568089593e-17
2.931633368481795e-17
2.1340869621960163e-17
1.4022560482926828e-17
7.369807316601815e-18
1.382578549176597e-18
-3.9466409905915205e-18
-8.63192362099157e-18
-1.2693002814735459e-17
-1.6154414317517387e-17
-1.9044679865164275e-17
-2.1395537890217793e-17
-2.324122458618784e-17
-2.4617807752266643e-17
-2.556257497494858e-17
-2.611347691661063e-17
-2.6308625774523827e-17
-2.6185848345958398e-17
-2.5782292584214547e-17
-2.5134086054094466e-17
-2.4276044290504332e-17
-2.3241426727049915e-17
-2.2061737588804808e-17
-2.0766568930738222e-17
-1.938348284623332e-17
-1.7937929764215097e-17
-1.6453199694076503e-17
-1.4950403260270142e-17
-1.3448479388588956e-17
-1.1964226559350277e-17
-1.0512354624608259e-17
-9.105554292997874e-18
-7.754581512897433e-18
-6.468354128538195e-18
-5.2540583409733166e-18
-4.117262673173537e-18
-3.062037312928031e-18
-2.0910768859397038e-18
-1.2058248920207417e-18
-4.0659821738242967e-19
3.072896863046247e-19
9.374081918559584e-19
1.4860925233743877e-18
1.9563313267090315e-18
2.3516595372430517e-18
2.67605715429801e-18
2.933854396448433e-18
3.1296435868968885e-18
3.268198003067303e-18
3.3543978198840386e-18
3.393163181835196e-18
3.389394354771202e-18
3.3479188342607318e-18
3.273445222922256e-18
3.170523634101483e-18
3.0435123331394057e-18
2.8965502897877437e-18
2.7335352855530314e-18
2.5581071973322527e-18
2.373636063066324e-18
2.1832145256958158e-18
1.989654247865412e-18
1.795485891002443e-18
1.6029622580127801e-18
1.4140642083318108e-18
1.2305089668962174e-18
1.053760464244546e-18
8.850413629184365e-19
7.253464451586819e-19
5.754570581388644e-19
4.359563352547143e-19
3.0724493492341543e-19
1.895570616114993e-19
8.297655710404439e-20
-1.254712691374235e-20
-9.718324130174848e-20
-1.7120448135645926e-19
-2.349722814897549e-19
-2.8892276594129503e-19
-3.3355343977519735e-19
-3.694106866053147e-19
-3.9707812294273404e-19
-4.1716584380908796e-19
-4.303005803351248e-19
-4.371167774732124e-19
-4.382485886866915e-19
-4.343227745159289e-19
-4.259524832260729e-19
-4.137318842700324e-19
-3.9823161899850854e-19
-3.799950278562979e-19
-3.5953510915420265e-19
-3.373321613281083e-19
-3.1383205831750836e-19
-2.8944510623952893e-19
-2.645454288251275e-19
-2.3947082904556353e-19
-2.1452307491443792e-19
-1.899685585302765e-19
-1.6603927895586765e-19
-1.4293410144532628e-19
-1.2082024776346089e-19
-9.983497483346642e-20
-8.008740164121984e-20
-6.166044716463727e-20
-4.461284503606807e-20
-2.898120364030714e-20
-1.4782083360615862e-20
-2.014065674582922e-21
9.340208260610369e-21
1.9312049035162548e-20
2.794479717093203e-20
3.5291982173254456e-20
4.14155740633665e-20
4.638433665762807e-20
5.027228967263689e-20
5.3157284714640055e-20
5.511969836137816e-20
5.624124386629273e-20
5.660390150840861e-20
5.628896627381686e-20
5.537621038253624e-20
5.394315716222116e-20
5.206446191111654e-20
4.9811394679261125e-20
4.725141932084776e-20
4.4447862722896364e-20
4.1459667786581916e-20
3.8341223518003794e-20
3.5142265465063166e-20
3.19078397065964e-20
2.8678323649257935e-20
2.5489497007315896e-20
2.2372656521260032e-20
1.935476820402128e-20
1.6458651180176646e-20
1.3703187495737547e-20
1.1103552616470798e-20
8.671461694186263e-21
6.415427056599142e-21
4.3410227613538326e-21
2.4511524432583893e-21
7.463170709620266e-22
-7.751203889993181e-22
-2.1166760303387692e-21
-3.283494056686221e-21
-4.282105746931864e-21
-5.120199932371889e-21
-5.8064062727107275e-21
-6.350092329193451e-21
-6.761175165618442e-21
-7.049947962332414e-21
-7.226921904839824e-21
-7.302683407385703e-21
-7.28776655256208e-21
-7.192540470189792e-21
-7.027111241794752e-21
-6.801237800123963e-21
-6.524261195389743e-21
-6.205046520239988e-21
-5.851936722691881e-21
-5.472717489237652e-21
-5.0745923477931e-21
-4.664167120848388e-21
-4.2474428518254114e-21
-3.829816330984484e-21
-3.4160873600145856e-21
-3.0104719154786368e-21
-2.6166203994038473e-21
-2.2376401993941782e-21
-1.8761218196424126e-21
-1.5341678871417435e-21
-1.213424383317055e-21
-9.151134993603271e-22
-6.400675629809275e-22
-3.8876353436067486e-22
-1.6135761919864308e-22
4.228040372364487e-23
2.2253349452528443e-22
3.800046107983301e-22
5.154851746191769e-22
6.299249667957127e-22
7.244036264759365e-22
8.001038961442808e-22
8.582867166433132e-22
9.002682442739672e-22
9.273988322980906e-22
9.410439923061466e-22
9.42567326899852e-22
9.333154039241424e-22
9.146045239890534e-22
8.87709317151785e-22
8.538530912657519e-22
8.141998435151577e-22
7.698478378969599e-22
7.218246447344684e-22
6.710835335494946e-22
6.185011076203984e-22
5.648760671475961e-22
5.109289879725736e-22
4.573030040900496e-22
4.045652845982966e-22
3.5320919909763495e-22
3.036570697259493e-22
2.562634128741614e-22
2.1131857902336527e-22
1.690527049667709e-22
1.296398988106672e-22
9.320258448550518e-23
5.981593894646194e-23
2.9512361717413376e-23
2.2859228573118706e-24
-2.1903258263172973e-23
-4.3124744852142575e-23
-6.147366082026649e-23
-7.706674505774846e-23
-9.003860643661406e-23
-1.0053819908794536e-22
-1.0872553282626251e-22
-1.1476862927472353e-22
-1.1884073029339205e-22
-1.211177617316597e-22
-1.2177605231364105e-22
-1.2099030461662105e-22
-1.1893181260857882e-22
-1.1576691805959483e-22
-1.116556963192011e-22
-1.0675086044101062e-22
-1.0119687141915522e-22
-9.512924135879306e-23
-8.867401571493523e-23
-8.194742027921837e-23
-7.505565835187846e-23
-6.809484348490565e-23
-6.115105330126209e-23
-5.430049016363923e-23
-4.7609734864658006e-23
-4.1136080019584764e-23
-3.492793044436193e-23
-2.90252584788526e-23
-2.3460102951575974e-23
-1.825710126291274e-23
-1.343404487501635e-23
-9.002449325914372e-24
-4.968130721169829e-24
-1.331781488845886e-24
1.9104609965911295e-24
4.76645851620483e-24
7.247533656554686e-24
9.367953089978943e-24
1.1144435864880707e-23
1.2595689424126116e-23
1.3741975451934998e-23
1.460470707778111e-23
1.5206078441094498e-23
1.5568727143572818e-23
1.5715429686657131e-23
1.5668829609669568e-23
1.5451197708234322e-23
1.5084223421492906e-23
1.4588836228518102e-23
1.3985055687182137e-23
1.3291868580265667e-23
1.2527131501349313e-23
1.1707497114420868e-23
1.0848362253484638e-23
9.963835989052032e-24
9.06672577449126e-24
8.168539794105547e-24
7.27950366382954e-24
6.4085896819915016e-24
5.563556889187838e-24
4.751000270571223e-24
3.9764075185050505e-24
3.244221866463141e-24
2.557909604278236e-24
1.920030988541003e-24
1.332313368453122e-24
7.957254552300301e-25
3.105517708731982e-25
-1.2353358141581367e-25
-5.073945787813838e-25
-8.423630249320367e-25
-1.1301709368602557e-24
-1.3728860356568721e-24
-1.5728507179377294e-24
-1.732624802885191e-24
-1.8549322742436046e-24
-1.9426121669889562e-24
-1.99857368492183e-24
-2.025755578131885e-24
-2.027089758101825e-24
-2.005469083046501e-24
-1.9637192067506282e-24
-1.9045743504620964e-24
-1.830656829063326e-24
-1.7444601394949546e-24
-1.6483354009337067e-24
-1.5444809222000951e-24
-1.4349346619492638e-24
-1.3215693410297217e-24
-1.2060899636270439e-24
-1.090033504091363e-24
-9.747705193324183e-25
-8.615084520163652e-25
-7.51296397188184e-25
-6.450311140598061e-25
-5.43464075250198e-25
-4.47209357460106e-25
-3.567521901499731e-25
-2.72457992023043e-25
-1.9458173877513335e-25
-1.2327751945639325e-25
-5.8608152717127e-26
-5.547480179605075e-28
5.0973889567751805e-26
9.613209916743428e-26
1.3512852407151883e-25
1.6821765527808928e-25
1.9569181060204207e-25
2.1787359058277718e-25
2.3510884242162335e-25
2.4776015395135607e-25
2.562008912020411e-25
2.6080978548600113e-25
2.619660690762981e-25
2.600451524855783e-25
2.5541483104585175e-25
2.484320039188286e-25
2.3943988479950875e-25
2.287656803771179e-25
2.167187100480034e-25
2.0358893839287428e-25
1.8964589049202734e-25
1.7513791921199038e-25
1.6029179310982268e-25
1.4531257352166334e-25
1.3038374968505323e-25
1.156676013461049e-25
1.0130575918014458e-25
8.741993446707817e-26
7.41127907714771e-26
6.146893184545203e-26
4.9555981565343446e-26
3.8425733399136966e-26
2.8115348650888423e-26
1.8648584514495347e-26
1.003703476765842e-26
2.2813677262044885e-27
-4.627452160005676e-27
-1.0706970972217133e-26
-1.598209049461736e-26
-2.0483960552683113e-26
-2.4248925672998786e-26
-2.731753180345771e-26
-2.9733597511451104e-26
-3.154335285529142e-26
-3.279464800332767e-26
-3.35362326571724e-26
-3.3817106420066413e-26
-3.36859394374091e-26
-3.3190561921629887e-26
-3.2377520554757494e-26
-3.129169923541723e-26
-2.9976001198104294e-26
-2.8471089176510396e-26
-2.6815180004110066e-26
-2.5043889838558537e-26
-2.319012605594777e-26
-2.1284021780751304e-26
-1.9352908991480986e-26
-1.742132616484942e-26
-1.5511056486859347e-26
-1.364119276216599e-26
-1.1828225287926268e-26
-1.0086149120049344e-26
-8.42658734345802e-27
-6.858927159119316e-27
-5.390465814978625e-27
-4.026563631635252e-27
-2.7708016030621115e-27
-1.6251412846690006e-27
-5.900849126425885e-28
3.3516607279808144e-28
1.1525557040576975e-27
1.8650227501299577e-27
2.4763557475801264e-27
2.991054780656875e-27
3.4142008062301e-27
3.751333144856248e-27
4.008335597507322e-27
4.1913314987631924e-27
4.306587881766692e-27
4.360428808012422e-27
4.359157805965368e-27
4.308989266331497e-27
4.215988558160208e-27
4.0860205583788854e-27
